 入库失败 java.sql.BatchUpdateException: ORA-00942: 表或视图不存在

 入库失败 java.sql.BatchUpdateException: ORA-00942: 表或视图不存在

 入库失败 java.sql.BatchUpdateException: ORA-00942: 表或视图不存在

 入库失败 java.sql.BatchUpdateException: ORA-00942: 表或视图不存在

 入库失败 java.sql.BatchUpdateException: ORA-00942: 表或视图不存在

 入库失败 java.sql.SQLException: 索引中丢失  IN 或 OUT 参数:: 20
 入库失败 java.sql.SQLException: 索引中丢失  IN 或 OUT 参数:: 20
 入库失败 java.sql.SQLException: 语句已关闭: 语句已关闭
 入库失败 java.sql.SQLException: 连接已关闭: 连接已关闭
 入库失败 java.sql.SQLException: 语句已关闭: 语句已关闭
 入库失败 java.sql.SQLException: 连接已关闭: 连接已关闭
 入库失败 java.sql.SQLException: 连接已关闭: 连接已关闭
 入库失败 java.sql.SQLException: 语句已关闭: 语句已关闭
 入库失败 java.sql.SQLException: 语句已关闭: 语句已关闭
 入库失败 java.sql.SQLException: 语句已关闭: 语句已关闭
 入库失败 java.sql.SQLException: 连接已关闭: 连接已关闭
 入库失败 java.sql.SQLException: 语句已关闭: 语句已关闭
 入库失败 java.sql.SQLException: 连接已关闭: 连接已关闭
 入库失败 java.sql.SQLException: 语句已关闭: 语句已关闭
 入库失败 java.sql.SQLException: 连接已关闭: 连接已关闭
 入库失败 java.sql.SQLException: 语句已关闭: 语句已关闭
 入库失败 java.sql.SQLException: 连接已关闭: 连接已关闭
 入库失败 java.sql.SQLException: 索引中丢失  IN 或 OUT 参数:: 20
 入库失败 java.sql.SQLException: 语句已关闭: 语句已关闭
 入库失败 java.sql.SQLException: 语句已关闭: 语句已关闭
 入库失败 java.sql.SQLException: 连接已关闭: 连接已关闭
 入库失败 java.sql.SQLException: 索引中丢失  IN 或 OUT 参数:: 1
 入库失败 java.sql.SQLException: 语句已关闭: 语句已关闭
 入库失败 java.sql.SQLException: 索引中丢失  IN 或 OUT 参数:: 20
 入库失败 java.sql.SQLException: 语句已关闭: 语句已关闭
 入库失败 java.sql.SQLException: 连接已关闭: 连接已关闭
 入库失败 java.sql.SQLException: 语句已关闭: 语句已关闭
 入库失败 java.sql.SQLException: 连接已关闭: 连接已关闭
 入库失败 java.sql.SQLException: 连接已关闭: 连接已关闭
 入库失败 java.sql.SQLException: 连接已关闭: 连接已关闭
 入库失败 java.sql.SQLException: 连接已关闭: 连接已关闭
 入库失败 java.sql.SQLException: 连接已关闭: 连接已关闭
 入库失败 java.sql.SQLException: 连接已关闭: 连接已关闭
 入库失败 java.sql.SQLException: 连接已关闭: 连接已关闭
 入库失败 java.sql.SQLException: 索引中丢失  IN 或 OUT 参数:: 1
 入库失败 java.sql.SQLException: 语句已关闭: 语句已关闭
 入库失败 java.sql.SQLException: 无效的列索引
 入库失败 java.sql.SQLException: 连接已关闭: 连接已关闭
 入库失败 java.sql.SQLException: 语句已关闭: 语句已关闭
 入库失败 java.sql.SQLException: 连接已关闭: 连接已关闭
 入库失败 java.sql.SQLException: 连接已关闭: 连接已关闭
 入库失败 java.sql.SQLException: 连接已关闭: 连接已关闭
 入库失败 java.sql.SQLException: 连接已关闭: 连接已关闭
 入库失败 java.sql.SQLException: 连接已关闭: 连接已关闭
 入库失败 java.sql.SQLException: 连接已关闭: 连接已关闭
 入库失败 java.sql.SQLException: 语句已关闭: 语句已关闭
 入库失败 java.sql.SQLException: 连接已关闭: 连接已关闭
 入库失败 java.sql.SQLException: 连接已关闭: 连接已关闭
 入库失败 java.sql.SQLException: 连接已关闭: 连接已关闭
